{"/Users/aileen/Desktop/tennis_calculator_app/src/checkCommandLine.js": {"path":"/Users/aileen/Desktop/tennis_calculator_app/src/checkCommandLine.js","statementMap":{"0":{"start":{"line":1,"column":34},"end":{"line":1,"column":63}},"1":{"start":{"line":3,"column":32},"end":{"line":12,"column":1}},"2":{"start":{"line":4,"column":2},"end":{"line":10,"column":3}},"3":{"start":{"line":9,"column":4},"end":{"line":9,"column":16}},"4":{"start":{"line":11,"column":2},"end":{"line":11,"column":15}},"5":{"start":{"line":14,"column":22},"end":{"line":20,"column":1}},"6":{"start":{"line":15,"column":19},"end":{"line":15,"column":21}},"7":{"start":{"line":16,"column":2},"end":{"line":18,"column":3}},"8":{"start":{"line":16,"column":15},"end":{"line":16,"column":16}},"9":{"start":{"line":17,"column":4},"end":{"line":17,"column":41}},"10":{"start":{"line":19,"column":2},"end":{"line":19,"column":20}},"11":{"start":{"line":22,"column":26},"end":{"line":30,"column":1}},"12":{"start":{"line":23,"column":22},"end":{"line":23,"column":24}},"13":{"start":{"line":24,"column":27},"end":{"line":24,"column":29}},"14":{"start":{"line":25,"column":2},"end":{"line":28,"column":3}},"15":{"start":{"line":25,"column":15},"end":{"line":25,"column":16}},"16":{"start":{"line":26,"column":4},"end":{"line":26,"column":65}},"17":{"start":{"line":27,"column":4},"end":{"line":27,"column":46}},"18":{"start":{"line":29,"column":2},"end":{"line":29,"column":23}},"19":{"start":{"line":32,"column":27},"end":{"line":38,"column":1}},"20":{"start":{"line":33,"column":2},"end":{"line":36,"column":3}},"21":{"start":{"line":34,"column":4},"end":{"line":34,"column":37}},"22":{"start":{"line":35,"column":4},"end":{"line":35,"column":17}},"23":{"start":{"line":37,"column":2},"end":{"line":37,"column":14}},"24":{"start":{"line":40,"column":28},"end":{"line":49,"column":1}},"25":{"start":{"line":41,"column":21},"end":{"line":41,"column":49}},"26":{"start":{"line":42,"column":2},"end":{"line":46,"column":3}},"27":{"start":{"line":42,"column":15},"end":{"line":42,"column":16}},"28":{"start":{"line":43,"column":4},"end":{"line":45,"column":5}},"29":{"start":{"line":44,"column":6},"end":{"line":44,"column":18}},"30":{"start":{"line":47,"column":2},"end":{"line":47,"column":55}},"31":{"start":{"line":48,"column":2},"end":{"line":48,"column":15}},"32":{"start":{"line":51,"column":31},"end":{"line":60,"column":1}},"33":{"start":{"line":52,"column":24},"end":{"line":52,"column":56}},"34":{"start":{"line":53,"column":2},"end":{"line":57,"column":3}},"35":{"start":{"line":53,"column":15},"end":{"line":53,"column":16}},"36":{"start":{"line":54,"column":4},"end":{"line":56,"column":5}},"37":{"start":{"line":55,"column":6},"end":{"line":55,"column":18}},"38":{"start":{"line":58,"column":2},"end":{"line":58,"column":64}},"39":{"start":{"line":59,"column":2},"end":{"line":59,"column":15}},"40":{"start":{"line":62,"column":39},"end":{"line":71,"column":1}},"41":{"start":{"line":63,"column":2},"end":{"line":70,"column":4}},"42":{"start":{"line":73,"column":40},"end":{"line":79,"column":1}},"43":{"start":{"line":74,"column":2},"end":{"line":78,"column":4}},"44":{"start":{"line":81,"column":43},"end":{"line":87,"column":1}},"45":{"start":{"line":82,"column":2},"end":{"line":86,"column":4}},"46":{"start":{"line":89,"column":0},"end":{"line":99,"column":2}}},"fnMap":{"0":{"name":"(anonymous_0)","decl":{"start":{"line":3,"column":32},"end":{"line":3,"column":33}},"loc":{"start":{"line":3,"column":64},"end":{"line":12,"column":1}},"line":3},"1":{"name":"(anonymous_1)","decl":{"start":{"line":14,"column":22},"end":{"line":14,"column":23}},"loc":{"start":{"line":14,"column":41},"end":{"line":20,"column":1}},"line":14},"2":{"name":"(anonymous_2)","decl":{"start":{"line":22,"column":26},"end":{"line":22,"column":27}},"loc":{"start":{"line":22,"column":45},"end":{"line":30,"column":1}},"line":22},"3":{"name":"(anonymous_3)","decl":{"start":{"line":32,"column":27},"end":{"line":32,"column":28}},"loc":{"start":{"line":32,"column":44},"end":{"line":38,"column":1}},"line":32},"4":{"name":"(anonymous_4)","decl":{"start":{"line":40,"column":28},"end":{"line":40,"column":29}},"loc":{"start":{"line":40,"column":56},"end":{"line":49,"column":1}},"line":40},"5":{"name":"(anonymous_5)","decl":{"start":{"line":51,"column":31},"end":{"line":51,"column":32}},"loc":{"start":{"line":51,"column":62},"end":{"line":60,"column":1}},"line":51},"6":{"name":"(anonymous_6)","decl":{"start":{"line":62,"column":39},"end":{"line":62,"column":40}},"loc":{"start":{"line":62,"column":45},"end":{"line":71,"column":1}},"line":62},"7":{"name":"(anonymous_7)","decl":{"start":{"line":73,"column":40},"end":{"line":73,"column":41}},"loc":{"start":{"line":73,"column":65},"end":{"line":79,"column":1}},"line":73},"8":{"name":"(anonymous_8)","decl":{"start":{"line":81,"column":43},"end":{"line":81,"column":44}},"loc":{"start":{"line":81,"column":74},"end":{"line":87,"column":1}},"line":81}},"branchMap":{"0":{"loc":{"start":{"line":4,"column":2},"end":{"line":10,"column":3}},"type":"if","locations":[{"start":{"line":4,"column":2},"end":{"line":10,"column":3}},{"start":{"line":4,"column":2},"end":{"line":10,"column":3}}],"line":4},"1":{"loc":{"start":{"line":5,"column":4},"end":{"line":7,"column":57}},"type":"binary-expr","locations":[{"start":{"line":5,"column":4},"end":{"line":5,"column":35}},{"start":{"line":6,"column":4},"end":{"line":6,"column":54}},{"start":{"line":7,"column":4},"end":{"line":7,"column":57}}],"line":5},"2":{"loc":{"start":{"line":33,"column":2},"end":{"line":36,"column":3}},"type":"if","locations":[{"start":{"line":33,"column":2},"end":{"line":36,"column":3}},{"start":{"line":33,"column":2},"end":{"line":36,"column":3}}],"line":33},"3":{"loc":{"start":{"line":43,"column":4},"end":{"line":45,"column":5}},"type":"if","locations":[{"start":{"line":43,"column":4},"end":{"line":45,"column":5}},{"start":{"line":43,"column":4},"end":{"line":45,"column":5}}],"line":43},"4":{"loc":{"start":{"line":54,"column":4},"end":{"line":56,"column":5}},"type":"if","locations":[{"start":{"line":54,"column":4},"end":{"line":56,"column":5}},{"start":{"line":54,"column":4},"end":{"line":56,"column":5}}],"line":54}},"s":{"0":2,"1":2,"2":6,"3":3,"4":3,"5":2,"6":6,"7":6,"8":6,"9":12,"10":6,"11":2,"12":6,"13":6,"14":6,"15":6,"16":12,"17":12,"18":6,"19":2,"20":8,"21":4,"22":4,"23":4,"24":2,"25":5,"26":5,"27":5,"28":6,"29":4,"30":1,"31":1,"32":2,"33":5,"34":5,"35":5,"36":8,"37":4,"38":1,"39":1,"40":2,"41":5,"42":2,"43":2,"44":2,"45":2,"46":2},"f":{"0":6,"1":6,"2":6,"3":8,"4":5,"5":5,"6":5,"7":2,"8":2},"b":{"0":[3,3],"1":[6,3,3],"2":[4,4],"3":[4,2],"4":[4,4]},"_coverageSchema":"1a1c01bbd47fc00a2c39e90264f33305004495a9","hash":"6c1ab6ebfad23dc0e9d046388d8ed0907c1b35bc"}
,"/Users/aileen/Desktop/tennis_calculator_app/src/index.js": {"path":"/Users/aileen/Desktop/tennis_calculator_app/src/index.js","statementMap":{"0":{"start":{"line":1,"column":34},"end":{"line":1,"column":60}},"1":{"start":{"line":7,"column":4},"end":{"line":7,"column":33}},"2":{"start":{"line":11,"column":4},"end":{"line":11,"column":33}},"3":{"start":{"line":12,"column":36},"end":{"line":12,"column":65}},"4":{"start":{"line":15,"column":18},"end":{"line":15,"column":41}},"5":{"start":{"line":16,"column":22},"end":{"line":16,"column":54}},"6":{"start":{"line":19,"column":20},"end":{"line":19,"column":41}},"7":{"start":{"line":21,"column":39},"end":{"line":28,"column":1}},"8":{"start":{"line":22,"column":2},"end":{"line":26,"column":3}},"9":{"start":{"line":23,"column":4},"end":{"line":23,"column":55}},"10":{"start":{"line":24,"column":4},"end":{"line":24,"column":55}},"11":{"start":{"line":25,"column":4},"end":{"line":25,"column":16}},"12":{"start":{"line":27,"column":2},"end":{"line":27,"column":15}},"13":{"start":{"line":30,"column":28},"end":{"line":35,"column":1}},"14":{"start":{"line":31,"column":21},"end":{"line":31,"column":67}},"15":{"start":{"line":32,"column":20},"end":{"line":32,"column":50}},"16":{"start":{"line":33,"column":19},"end":{"line":33,"column":47}},"17":{"start":{"line":34,"column":2},"end":{"line":34,"column":41}},"18":{"start":{"line":37,"column":28},"end":{"line":40,"column":1}},"19":{"start":{"line":38,"column":22},"end":{"line":38,"column":75}},"20":{"start":{"line":39,"column":2},"end":{"line":39,"column":43}},"21":{"start":{"line":42,"column":0},"end":{"line":42,"column":59}},"22":{"start":{"line":44,"column":0},"end":{"line":48,"column":2}}},"fnMap":{"0":{"name":"(anonymous_0)","decl":{"start":{"line":21,"column":39},"end":{"line":21,"column":40}},"loc":{"start":{"line":21,"column":71},"end":{"line":28,"column":1}},"line":21},"1":{"name":"(anonymous_1)","decl":{"start":{"line":30,"column":28},"end":{"line":30,"column":29}},"loc":{"start":{"line":30,"column":56},"end":{"line":35,"column":1}},"line":30},"2":{"name":"(anonymous_2)","decl":{"start":{"line":37,"column":28},"end":{"line":37,"column":29}},"loc":{"start":{"line":37,"column":60},"end":{"line":40,"column":1}},"line":37}},"branchMap":{"0":{"loc":{"start":{"line":22,"column":2},"end":{"line":26,"column":3}},"type":"if","locations":[{"start":{"line":22,"column":2},"end":{"line":26,"column":3}},{"start":{"line":22,"column":2},"end":{"line":26,"column":3}}],"line":22}},"s":{"0":1,"1":1,"2":1,"3":1,"4":1,"5":1,"6":1,"7":1,"8":4,"9":2,"10":2,"11":2,"12":2,"13":1,"14":3,"15":3,"16":3,"17":3,"18":1,"19":3,"20":3,"21":1,"22":1},"f":{"0":4,"1":3,"2":3},"b":{"0":[2,2]},"_coverageSchema":"1a1c01bbd47fc00a2c39e90264f33305004495a9","hash":"5f2a2f96540ad18cca3507b0f77a937dae2aeabb"}
,"/Users/aileen/Desktop/tennis_calculator_app/src/queryMatchResult.js": {"path":"/Users/aileen/Desktop/tennis_calculator_app/src/queryMatchResult.js","statementMap":{"0":{"start":{"line":1,"column":31},"end":{"line":7,"column":1}},"1":{"start":{"line":2,"column":2},"end":{"line":6,"column":3}},"2":{"start":{"line":2,"column":15},"end":{"line":2,"column":16}},"3":{"start":{"line":3,"column":4},"end":{"line":5,"column":5}},"4":{"start":{"line":4,"column":6},"end":{"line":4,"column":27}},"5":{"start":{"line":9,"column":30},"end":{"line":16,"column":1}},"6":{"start":{"line":10,"column":23},"end":{"line":10,"column":48}},"7":{"start":{"line":11,"column":22},"end":{"line":11,"column":44}},"8":{"start":{"line":12,"column":23},"end":{"line":12,"column":45}},"9":{"start":{"line":13,"column":34},"end":{"line":13,"column":36}},"10":{"start":{"line":14,"column":2},"end":{"line":14,"column":58}},"11":{"start":{"line":15,"column":2},"end":{"line":15,"column":33}},"12":{"start":{"line":18,"column":25},"end":{"line":24,"column":1}},"13":{"start":{"line":19,"column":21},"end":{"line":19,"column":31}},"14":{"start":{"line":20,"column":2},"end":{"line":22,"column":3}},"15":{"start":{"line":21,"column":4},"end":{"line":21,"column":17}},"16":{"start":{"line":23,"column":2},"end":{"line":23,"column":14}},"17":{"start":{"line":26,"column":24},"end":{"line":36,"column":1}},"18":{"start":{"line":27,"column":25},"end":{"line":27,"column":26}},"19":{"start":{"line":28,"column":24},"end":{"line":28,"column":25}},"20":{"start":{"line":29,"column":21},"end":{"line":29,"column":23}},"21":{"start":{"line":30,"column":27},"end":{"line":30,"column":45}},"22":{"start":{"line":31,"column":24},"end":{"line":31,"column":42}},"23":{"start":{"line":32,"column":2},"end":{"line":32,"column":52}},"24":{"start":{"line":33,"column":2},"end":{"line":33,"column":54}},"25":{"start":{"line":34,"column":2},"end":{"line":34,"column":57}},"26":{"start":{"line":35,"column":2},"end":{"line":35,"column":24}},"27":{"start":{"line":38,"column":25},"end":{"line":45,"column":1}},"28":{"start":{"line":39,"column":18},"end":{"line":39,"column":28}},"29":{"start":{"line":40,"column":2},"end":{"line":43,"column":3}},"30":{"start":{"line":41,"column":4},"end":{"line":41,"column":14}},"31":{"start":{"line":42,"column":4},"end":{"line":42,"column":27}},"32":{"start":{"line":44,"column":2},"end":{"line":44,"column":19}},"33":{"start":{"line":47,"column":27},"end":{"line":76,"column":1}},"34":{"start":{"line":48,"column":25},"end":{"line":48,"column":26}},"35":{"start":{"line":49,"column":24},"end":{"line":49,"column":25}},"36":{"start":{"line":50,"column":22},"end":{"line":50,"column":23}},"37":{"start":{"line":51,"column":23},"end":{"line":51,"column":24}},"38":{"start":{"line":52,"column":17},"end":{"line":52,"column":19}},"39":{"start":{"line":53,"column":16},"end":{"line":53,"column":18}},"40":{"start":{"line":55,"column":2},"end":{"line":72,"column":3}},"41":{"start":{"line":55,"column":15},"end":{"line":55,"column":16}},"42":{"start":{"line":57,"column":4},"end":{"line":71,"column":5}},"43":{"start":{"line":58,"column":6},"end":{"line":58,"column":50}},"44":{"start":{"line":59,"column":6},"end":{"line":59,"column":40}},"45":{"start":{"line":60,"column":6},"end":{"line":60,"column":41}},"46":{"start":{"line":62,"column":6},"end":{"line":62,"column":66}},"47":{"start":{"line":64,"column":27},"end":{"line":64,"column":73}},"48":{"start":{"line":65,"column":6},"end":{"line":65,"column":43}},"49":{"start":{"line":66,"column":6},"end":{"line":66,"column":43}},"50":{"start":{"line":68,"column":28},"end":{"line":68,"column":75}},"51":{"start":{"line":69,"column":6},"end":{"line":69,"column":45}},"52":{"start":{"line":70,"column":6},"end":{"line":70,"column":45}},"53":{"start":{"line":74,"column":2},"end":{"line":74,"column":52}},"54":{"start":{"line":75,"column":2},"end":{"line":75,"column":19}},"55":{"start":{"line":78,"column":26},"end":{"line":92,"column":1}},"56":{"start":{"line":79,"column":26},"end":{"line":79,"column":28}},"57":{"start":{"line":80,"column":2},"end":{"line":82,"column":3}},"58":{"start":{"line":81,"column":4},"end":{"line":81,"column":18}},"59":{"start":{"line":83,"column":2},"end":{"line":85,"column":3}},"60":{"start":{"line":84,"column":4},"end":{"line":84,"column":18}},"61":{"start":{"line":86,"column":2},"end":{"line":88,"column":3}},"62":{"start":{"line":87,"column":4},"end":{"line":87,"column":18}},"63":{"start":{"line":89,"column":2},"end":{"line":91,"column":3}},"64":{"start":{"line":90,"column":4},"end":{"line":90,"column":18}},"65":{"start":{"line":94,"column":25},"end":{"line":107,"column":1}},"66":{"start":{"line":95,"column":22},"end":{"line":95,"column":55}},"67":{"start":{"line":96,"column":26},"end":{"line":96,"column":40}},"68":{"start":{"line":97,"column":27},"end":{"line":97,"column":41}},"69":{"start":{"line":98,"column":2},"end":{"line":106,"column":3}},"70":{"start":{"line":99,"column":4},"end":{"line":99,"column":67}},"71":{"start":{"line":100,"column":4},"end":{"line":100,"column":57}},"72":{"start":{"line":101,"column":4},"end":{"line":101,"column":43}},"73":{"start":{"line":103,"column":4},"end":{"line":103,"column":67}},"74":{"start":{"line":104,"column":4},"end":{"line":104,"column":57}},"75":{"start":{"line":105,"column":4},"end":{"line":105,"column":43}},"76":{"start":{"line":109,"column":0},"end":{"line":118,"column":2}}},"fnMap":{"0":{"name":"(anonymous_0)","decl":{"start":{"line":1,"column":31},"end":{"line":1,"column":32}},"loc":{"start":{"line":1,"column":56},"end":{"line":7,"column":1}},"line":1},"1":{"name":"(anonymous_1)","decl":{"start":{"line":9,"column":30},"end":{"line":9,"column":31}},"loc":{"start":{"line":9,"column":46},"end":{"line":16,"column":1}},"line":9},"2":{"name":"(anonymous_2)","decl":{"start":{"line":18,"column":25},"end":{"line":18,"column":26}},"loc":{"start":{"line":18,"column":42},"end":{"line":24,"column":1}},"line":18},"3":{"name":"(anonymous_3)","decl":{"start":{"line":26,"column":24},"end":{"line":26,"column":25}},"loc":{"start":{"line":26,"column":41},"end":{"line":36,"column":1}},"line":26},"4":{"name":"(anonymous_4)","decl":{"start":{"line":38,"column":25},"end":{"line":38,"column":26}},"loc":{"start":{"line":38,"column":48},"end":{"line":45,"column":1}},"line":38},"5":{"name":"(anonymous_5)","decl":{"start":{"line":47,"column":27},"end":{"line":47,"column":28}},"loc":{"start":{"line":47,"column":43},"end":{"line":76,"column":1}},"line":47},"6":{"name":"(anonymous_6)","decl":{"start":{"line":78,"column":26},"end":{"line":78,"column":27}},"loc":{"start":{"line":78,"column":41},"end":{"line":92,"column":1}},"line":78},"7":{"name":"(anonymous_7)","decl":{"start":{"line":94,"column":25},"end":{"line":94,"column":26}},"loc":{"start":{"line":94,"column":51},"end":{"line":107,"column":1}},"line":94}},"branchMap":{"0":{"loc":{"start":{"line":3,"column":4},"end":{"line":5,"column":5}},"type":"if","locations":[{"start":{"line":3,"column":4},"end":{"line":5,"column":5}},{"start":{"line":3,"column":4},"end":{"line":5,"column":5}}],"line":3},"1":{"loc":{"start":{"line":20,"column":2},"end":{"line":22,"column":3}},"type":"if","locations":[{"start":{"line":20,"column":2},"end":{"line":22,"column":3}},{"start":{"line":20,"column":2},"end":{"line":22,"column":3}}],"line":20},"2":{"loc":{"start":{"line":40,"column":2},"end":{"line":43,"column":3}},"type":"if","locations":[{"start":{"line":40,"column":2},"end":{"line":43,"column":3}},{"start":{"line":40,"column":2},"end":{"line":43,"column":3}}],"line":40},"3":{"loc":{"start":{"line":40,"column":6},"end":{"line":40,"column":35}},"type":"binary-expr","locations":[{"start":{"line":40,"column":6},"end":{"line":40,"column":16}},{"start":{"line":40,"column":20},"end":{"line":40,"column":35}}],"line":40},"4":{"loc":{"start":{"line":57,"column":4},"end":{"line":71,"column":5}},"type":"if","locations":[{"start":{"line":57,"column":4},"end":{"line":71,"column":5}},{"start":{"line":57,"column":4},"end":{"line":71,"column":5}}],"line":57},"5":{"loc":{"start":{"line":80,"column":2},"end":{"line":82,"column":3}},"type":"if","locations":[{"start":{"line":80,"column":2},"end":{"line":82,"column":3}},{"start":{"line":80,"column":2},"end":{"line":82,"column":3}}],"line":80},"6":{"loc":{"start":{"line":83,"column":2},"end":{"line":85,"column":3}},"type":"if","locations":[{"start":{"line":83,"column":2},"end":{"line":85,"column":3}},{"start":{"line":83,"column":2},"end":{"line":85,"column":3}}],"line":83},"7":{"loc":{"start":{"line":86,"column":2},"end":{"line":88,"column":3}},"type":"if","locations":[{"start":{"line":86,"column":2},"end":{"line":88,"column":3}},{"start":{"line":86,"column":2},"end":{"line":88,"column":3}}],"line":86},"8":{"loc":{"start":{"line":89,"column":2},"end":{"line":91,"column":3}},"type":"if","locations":[{"start":{"line":89,"column":2},"end":{"line":91,"column":3}},{"start":{"line":89,"column":2},"end":{"line":91,"column":3}}],"line":89},"9":{"loc":{"start":{"line":98,"column":2},"end":{"line":106,"column":3}},"type":"if","locations":[{"start":{"line":98,"column":2},"end":{"line":106,"column":3}},{"start":{"line":98,"column":2},"end":{"line":106,"column":3}}],"line":98}},"s":{"0":4,"1":4,"2":4,"3":4,"4":4,"5":4,"6":34,"7":34,"8":34,"9":34,"10":34,"11":34,"12":4,"13":761,"14":761,"15":16,"16":745,"17":4,"18":746,"19":746,"20":746,"21":746,"22":746,"23":746,"24":746,"25":746,"26":746,"27":4,"28":1492,"29":1492,"30":181,"31":181,"32":1492,"33":4,"34":21,"35":21,"36":21,"37":21,"38":21,"39":21,"40":21,"41":21,"42":759,"43":744,"44":744,"45":744,"46":744,"47":744,"48":744,"49":744,"50":744,"51":744,"52":744,"53":21,"54":21,"55":4,"56":7,"57":7,"58":1,"59":6,"60":4,"61":2,"62":1,"63":1,"64":1,"65":4,"66":5,"67":5,"68":5,"69":5,"70":4,"71":4,"72":4,"73":1,"74":1,"75":1,"76":4},"f":{"0":4,"1":34,"2":761,"3":746,"4":1492,"5":21,"6":7,"7":5},"b":{"0":[4,0],"1":[16,745],"2":[181,1311],"3":[1492,183],"4":[744,15],"5":[1,6],"6":[4,2],"7":[1,1],"8":[1,0],"9":[4,1]},"_coverageSchema":"1a1c01bbd47fc00a2c39e90264f33305004495a9","hash":"d99dc5430d73751246f611754a8645155a7fad29"}
,"/Users/aileen/Desktop/tennis_calculator_app/src/queryPlayerScore.js": {"path":"/Users/aileen/Desktop/tennis_calculator_app/src/queryPlayerScore.js","statementMap":{"0":{"start":{"line":4,"column":4},"end":{"line":4,"column":33}},"1":{"start":{"line":6,"column":41},"end":{"line":26,"column":1}},"2":{"start":{"line":7,"column":25},"end":{"line":7,"column":58}},"3":{"start":{"line":8,"column":22},"end":{"line":8,"column":39}},"4":{"start":{"line":9,"column":23},"end":{"line":9,"column":40}},"5":{"start":{"line":10,"column":31},"end":{"line":10,"column":61}},"6":{"start":{"line":11,"column":34},"end":{"line":11,"column":57}},"7":{"start":{"line":12,"column":35},"end":{"line":12,"column":58}},"8":{"start":{"line":13,"column":26},"end":{"line":24,"column":3}},"9":{"start":{"line":25,"column":2},"end":{"line":25,"column":25}},"10":{"start":{"line":28,"column":26},"end":{"line":36,"column":1}},"11":{"start":{"line":29,"column":17},"end":{"line":29,"column":19}},"12":{"start":{"line":30,"column":2},"end":{"line":34,"column":3}},"13":{"start":{"line":30,"column":15},"end":{"line":30,"column":16}},"14":{"start":{"line":31,"column":16},"end":{"line":31,"column":63}},"15":{"start":{"line":33,"column":4},"end":{"line":33,"column":28}},"16":{"start":{"line":35,"column":2},"end":{"line":35,"column":18}},"17":{"start":{"line":38,"column":34},"end":{"line":49,"column":1}},"18":{"start":{"line":39,"column":17},"end":{"line":39,"column":18}},"19":{"start":{"line":40,"column":16},"end":{"line":40,"column":17}},"20":{"start":{"line":41,"column":19},"end":{"line":41,"column":48}},"21":{"start":{"line":42,"column":2},"end":{"line":46,"column":4}},"22":{"start":{"line":43,"column":4},"end":{"line":45,"column":12}},"23":{"start":{"line":48,"column":2},"end":{"line":48,"column":44}},"24":{"start":{"line":51,"column":36},"end":{"line":60,"column":1}},"25":{"start":{"line":52,"column":19},"end":{"line":52,"column":33}},"26":{"start":{"line":53,"column":20},"end":{"line":53,"column":34}},"27":{"start":{"line":54,"column":22},"end":{"line":54,"column":36}},"28":{"start":{"line":56,"column":2},"end":{"line":58,"column":4}},"29":{"start":{"line":59,"column":2},"end":{"line":59,"column":41}},"30":{"start":{"line":62,"column":0},"end":{"line":67,"column":2}}},"fnMap":{"0":{"name":"(anonymous_0)","decl":{"start":{"line":6,"column":41},"end":{"line":6,"column":42}},"loc":{"start":{"line":6,"column":57},"end":{"line":26,"column":1}},"line":6},"1":{"name":"(anonymous_1)","decl":{"start":{"line":28,"column":26},"end":{"line":28,"column":27}},"loc":{"start":{"line":28,"column":42},"end":{"line":36,"column":1}},"line":28},"2":{"name":"(anonymous_2)","decl":{"start":{"line":38,"column":34},"end":{"line":38,"column":35}},"loc":{"start":{"line":38,"column":63},"end":{"line":49,"column":1}},"line":38},"3":{"name":"(anonymous_3)","decl":{"start":{"line":42,"column":19},"end":{"line":42,"column":20}},"loc":{"start":{"line":43,"column":4},"end":{"line":45,"column":12}},"line":43},"4":{"name":"(anonymous_4)","decl":{"start":{"line":51,"column":36},"end":{"line":51,"column":37}},"loc":{"start":{"line":51,"column":53},"end":{"line":60,"column":1}},"line":51}},"branchMap":{"0":{"loc":{"start":{"line":43,"column":4},"end":{"line":45,"column":12}},"type":"cond-expr","locations":[{"start":{"line":44,"column":9},"end":{"line":44,"column":67}},{"start":{"line":45,"column":8},"end":{"line":45,"column":12}}],"line":43}},"s":{"0":2,"1":2,"2":16,"3":16,"4":16,"5":16,"6":16,"7":16,"8":16,"9":16,"10":2,"11":7,"12":7,"13":7,"14":14,"15":14,"16":7,"17":2,"18":6,"19":6,"20":6,"21":6,"22":24,"23":6,"24":2,"25":4,"26":4,"27":4,"28":4,"29":4,"30":2},"f":{"0":16,"1":7,"2":6,"3":24,"4":4},"b":{"0":[10,14]},"_coverageSchema":"1a1c01bbd47fc00a2c39e90264f33305004495a9","hash":"4b8c23abcf0989ad68a83ed29430967871cd141d"}
,"/Users/aileen/Desktop/tennis_calculator_app/src/readScoreFile.js": {"path":"/Users/aileen/Desktop/tennis_calculator_app/src/readScoreFile.js","statementMap":{"0":{"start":{"line":1,"column":30},"end":{"line":13,"column":1}},"1":{"start":{"line":2,"column":11},"end":{"line":2,"column":24}},"2":{"start":{"line":3,"column":27},"end":{"line":6,"column":21}},"3":{"start":{"line":8,"column":19},"end":{"line":8,"column":21}},"4":{"start":{"line":9,"column":2},"end":{"line":11,"column":3}},"5":{"start":{"line":9,"column":15},"end":{"line":9,"column":16}},"6":{"start":{"line":10,"column":4},"end":{"line":10,"column":68}},"7":{"start":{"line":12,"column":2},"end":{"line":12,"column":20}},"8":{"start":{"line":15,"column":0},"end":{"line":17,"column":2}}},"fnMap":{"0":{"name":"(anonymous_0)","decl":{"start":{"line":1,"column":30},"end":{"line":1,"column":31}},"loc":{"start":{"line":1,"column":43},"end":{"line":13,"column":1}},"line":1}},"branchMap":{},"s":{"0":2,"1":3,"2":3,"3":3,"4":3,"5":3,"6":6,"7":3,"8":2},"f":{"0":3},"b":{},"_coverageSchema":"1a1c01bbd47fc00a2c39e90264f33305004495a9","hash":"a43dfae7343bb40e772a97e5f81996ee3419020c"}
}
