TN:
SF:src/checkCommandLine.js
FN:3,(anonymous_0)
FN:14,(anonymous_1)
FN:22,(anonymous_2)
FN:32,(anonymous_3)
FN:40,(anonymous_4)
FN:51,(anonymous_5)
FN:62,(anonymous_6)
FN:73,(anonymous_7)
FN:81,(anonymous_8)
FNF:9
FNH:9
FNDA:6,(anonymous_0)
FNDA:6,(anonymous_1)
FNDA:6,(anonymous_2)
FNDA:8,(anonymous_3)
FNDA:5,(anonymous_4)
FNDA:5,(anonymous_5)
FNDA:5,(anonymous_6)
FNDA:2,(anonymous_7)
FNDA:2,(anonymous_8)
DA:1,2
DA:3,2
DA:4,6
DA:9,3
DA:11,3
DA:14,2
DA:15,6
DA:16,6
DA:17,12
DA:19,6
DA:22,2
DA:23,6
DA:24,6
DA:25,6
DA:26,12
DA:27,12
DA:29,6
DA:32,2
DA:33,8
DA:34,4
DA:35,4
DA:37,4
DA:40,2
DA:41,5
DA:42,5
DA:43,6
DA:44,4
DA:47,1
DA:48,1
DA:51,2
DA:52,5
DA:53,5
DA:54,8
DA:55,4
DA:58,1
DA:59,1
DA:62,2
DA:63,5
DA:73,2
DA:74,2
DA:81,2
DA:82,2
DA:89,2
LF:43
LH:43
BRDA:4,0,0,3
BRDA:4,0,1,3
BRDA:5,1,0,6
BRDA:5,1,1,3
BRDA:5,1,2,3
BRDA:33,2,0,4
BRDA:33,2,1,4
BRDA:43,3,0,4
BRDA:43,3,1,2
BRDA:54,4,0,4
BRDA:54,4,1,4
BRF:11
BRH:11
end_of_record
TN:
SF:src/index.js
FN:21,(anonymous_0)
FN:30,(anonymous_1)
FN:37,(anonymous_2)
FNF:3
FNH:3
FNDA:4,(anonymous_0)
FNDA:3,(anonymous_1)
FNDA:3,(anonymous_2)
DA:1,1
DA:7,1
DA:11,1
DA:12,1
DA:15,1
DA:16,1
DA:19,1
DA:21,1
DA:22,4
DA:23,2
DA:24,2
DA:25,2
DA:27,2
DA:30,1
DA:31,3
DA:32,3
DA:33,3
DA:34,3
DA:37,1
DA:38,3
DA:39,3
DA:42,1
DA:44,1
LF:23
LH:23
BRDA:22,0,0,2
BRDA:22,0,1,2
BRF:2
BRH:2
end_of_record
TN:
SF:src/queryMatchResult.js
FN:1,(anonymous_0)
FN:9,(anonymous_1)
FN:18,(anonymous_2)
FN:26,(anonymous_3)
FN:38,(anonymous_4)
FN:47,(anonymous_5)
FN:78,(anonymous_6)
FN:94,(anonymous_7)
FNF:8
FNH:8
FNDA:4,(anonymous_0)
FNDA:34,(anonymous_1)
FNDA:761,(anonymous_2)
FNDA:746,(anonymous_3)
FNDA:1492,(anonymous_4)
FNDA:21,(anonymous_5)
FNDA:7,(anonymous_6)
FNDA:5,(anonymous_7)
DA:1,4
DA:2,4
DA:3,4
DA:4,4
DA:9,4
DA:10,34
DA:11,34
DA:12,34
DA:13,34
DA:14,34
DA:15,34
DA:18,4
DA:19,761
DA:20,761
DA:21,16
DA:23,745
DA:26,4
DA:27,746
DA:28,746
DA:29,746
DA:30,746
DA:31,746
DA:32,746
DA:33,746
DA:34,746
DA:35,746
DA:38,4
DA:39,1492
DA:40,1492
DA:41,181
DA:42,181
DA:44,1492
DA:47,4
DA:48,21
DA:49,21
DA:50,21
DA:51,21
DA:52,21
DA:53,21
DA:55,21
DA:57,759
DA:58,744
DA:59,744
DA:60,744
DA:62,744
DA:64,744
DA:65,744
DA:66,744
DA:68,744
DA:69,744
DA:70,744
DA:74,21
DA:75,21
DA:78,4
DA:79,7
DA:80,7
DA:81,1
DA:83,6
DA:84,4
DA:86,2
DA:87,1
DA:89,1
DA:90,1
DA:94,4
DA:95,5
DA:96,5
DA:97,5
DA:98,5
DA:99,4
DA:100,4
DA:101,4
DA:103,1
DA:104,1
DA:105,1
DA:109,4
LF:75
LH:75
BRDA:3,0,0,4
BRDA:3,0,1,0
BRDA:20,1,0,16
BRDA:20,1,1,745
BRDA:40,2,0,181
BRDA:40,2,1,1311
BRDA:40,3,0,1492
BRDA:40,3,1,183
BRDA:57,4,0,744
BRDA:57,4,1,15
BRDA:80,5,0,1
BRDA:80,5,1,6
BRDA:83,6,0,4
BRDA:83,6,1,2
BRDA:86,7,0,1
BRDA:86,7,1,1
BRDA:89,8,0,1
BRDA:89,8,1,0
BRDA:98,9,0,4
BRDA:98,9,1,1
BRF:20
BRH:18
end_of_record
TN:
SF:src/queryPlayerScore.js
FN:6,(anonymous_0)
FN:28,(anonymous_1)
FN:38,(anonymous_2)
FN:42,(anonymous_3)
FN:51,(anonymous_4)
FNF:5
FNH:5
FNDA:16,(anonymous_0)
FNDA:7,(anonymous_1)
FNDA:6,(anonymous_2)
FNDA:24,(anonymous_3)
FNDA:4,(anonymous_4)
DA:4,2
DA:6,2
DA:7,16
DA:8,16
DA:9,16
DA:10,16
DA:11,16
DA:12,16
DA:13,16
DA:25,16
DA:28,2
DA:29,7
DA:30,7
DA:31,14
DA:33,14
DA:35,7
DA:38,2
DA:39,6
DA:40,6
DA:41,6
DA:42,6
DA:43,24
DA:48,6
DA:51,2
DA:52,4
DA:53,4
DA:54,4
DA:56,4
DA:59,4
DA:62,2
LF:30
LH:30
BRDA:43,0,0,10
BRDA:43,0,1,14
BRF:2
BRH:2
end_of_record
TN:
SF:src/readScoreFile.js
FN:1,(anonymous_0)
FNF:1
FNH:1
FNDA:3,(anonymous_0)
DA:1,2
DA:2,3
DA:3,3
DA:8,3
DA:9,3
DA:10,6
DA:12,3
DA:15,2
LF:8
LH:8
BRF:0
BRH:0
end_of_record
